2016-12-04 02:06:16 INFO  LogHelper:31 - HHH000204: Processing PersistenceUnitInfo [
	name: hibernate-unit
	...]
2016-12-04 02:06:16 INFO  Version:37 - HHH000412: Hibernate Core {5.0.3.Final}
2016-12-04 02:06:16 INFO  Environment:213 - HHH000206: hibernate.properties not found
2016-12-04 02:06:16 INFO  Environment:317 - HHH000021: Bytecode provider name : javassist
2016-12-04 02:06:16 INFO  Version:66 - HCANN000001: Hibernate Commons Annotations {5.0.0.Final}
2016-12-04 02:06:16 WARN  DriverManagerConnectionProviderImpl:72 - HHH000402: Using Hibernate built-in connection pool (not for production use!)
2016-12-04 02:06:16 INFO  DriverManagerConnectionProviderImpl:128 - HHH000401: using driver [com.mysql.jdbc.Driver] at URL [jdbc:mysql://localhost:3306/testh]
2016-12-04 02:06:16 INFO  DriverManagerConnectionProviderImpl:137 - HHH000046: Connection properties: {user=root, password=****}
2016-12-04 02:06:16 INFO  DriverManagerConnectionProviderImpl:142 - HHH000006: Autocommit mode: false
2016-12-04 02:06:16 INFO  DriverManagerConnectionProviderImpl:39 - HHH000115: Hibernate connection pool size: 20 (min=1)
2016-12-04 02:06:17 INFO  Dialect:154 - HHH000400: Using dialect: org.hibernate.dialect.MySQL5Dialect
2016-12-04 02:06:17 INFO  LobCreatorBuilderImpl:98 - HHH000423: Disabling contextual LOB creation as JDBC driver reported JDBC version [3] less than 4
2016-12-04 02:06:17 INFO  SchemaUpdate:101 - HHH000228: Running hbm2ddl schema update
2016-12-04 02:09:52 INFO  LogHelper:31 - HHH000204: Processing PersistenceUnitInfo [
	name: hibernate-unit
	...]
2016-12-04 02:09:52 INFO  Version:37 - HHH000412: Hibernate Core {5.0.3.Final}
2016-12-04 02:09:52 INFO  Environment:213 - HHH000206: hibernate.properties not found
2016-12-04 02:09:52 INFO  Environment:317 - HHH000021: Bytecode provider name : javassist
2016-12-04 02:09:52 INFO  Version:66 - HCANN000001: Hibernate Commons Annotations {5.0.0.Final}
2016-12-04 02:09:53 WARN  DriverManagerConnectionProviderImpl:72 - HHH000402: Using Hibernate built-in connection pool (not for production use!)
2016-12-04 02:09:53 INFO  DriverManagerConnectionProviderImpl:128 - HHH000401: using driver [com.mysql.jdbc.Driver] at URL [jdbc:mysql://localhost:3306/testh]
2016-12-04 02:09:53 INFO  DriverManagerConnectionProviderImpl:137 - HHH000046: Connection properties: {user=root, password=****}
2016-12-04 02:09:53 INFO  DriverManagerConnectionProviderImpl:142 - HHH000006: Autocommit mode: false
2016-12-04 02:09:53 INFO  DriverManagerConnectionProviderImpl:39 - HHH000115: Hibernate connection pool size: 20 (min=1)
2016-12-04 02:09:53 INFO  Dialect:154 - HHH000400: Using dialect: org.hibernate.dialect.MySQL5Dialect
2016-12-04 02:09:53 INFO  LobCreatorBuilderImpl:98 - HHH000423: Disabling contextual LOB creation as JDBC driver reported JDBC version [3] less than 4
2016-12-04 02:09:54 INFO  SchemaUpdate:101 - HHH000228: Running hbm2ddl schema update
2016-12-04 02:18:38 INFO  LogHelper:31 - HHH000204: Processing PersistenceUnitInfo [
	name: hibernate-unit
	...]
2016-12-04 02:18:38 INFO  Version:37 - HHH000412: Hibernate Core {5.0.3.Final}
2016-12-04 02:18:38 INFO  Environment:213 - HHH000206: hibernate.properties not found
2016-12-04 02:18:38 INFO  Environment:317 - HHH000021: Bytecode provider name : javassist
2016-12-04 02:18:38 INFO  Version:66 - HCANN000001: Hibernate Commons Annotations {5.0.0.Final}
2016-12-04 02:18:39 WARN  DriverManagerConnectionProviderImpl:72 - HHH000402: Using Hibernate built-in connection pool (not for production use!)
2016-12-04 02:18:39 INFO  DriverManagerConnectionProviderImpl:128 - HHH000401: using driver [com.mysql.jdbc.Driver] at URL [jdbc:mysql://localhost:3306/testh]
2016-12-04 02:18:39 INFO  DriverManagerConnectionProviderImpl:137 - HHH000046: Connection properties: {user=root, password=****}
2016-12-04 02:18:39 INFO  DriverManagerConnectionProviderImpl:142 - HHH000006: Autocommit mode: false
2016-12-04 02:18:39 INFO  DriverManagerConnectionProviderImpl:39 - HHH000115: Hibernate connection pool size: 20 (min=1)
2016-12-04 02:18:39 INFO  Dialect:154 - HHH000400: Using dialect: org.hibernate.dialect.MySQL5Dialect
2016-12-04 02:18:39 INFO  LobCreatorBuilderImpl:98 - HHH000423: Disabling contextual LOB creation as JDBC driver reported JDBC version [3] less than 4
2016-12-04 02:18:40 INFO  SchemaUpdate:101 - HHH000228: Running hbm2ddl schema update
2016-12-04 02:19:35 INFO  LogHelper:31 - HHH000204: Processing PersistenceUnitInfo [
	name: hibernate-unit
	...]
2016-12-04 02:19:35 INFO  Version:37 - HHH000412: Hibernate Core {5.0.3.Final}
2016-12-04 02:19:35 INFO  Environment:213 - HHH000206: hibernate.properties not found
2016-12-04 02:19:35 INFO  Environment:317 - HHH000021: Bytecode provider name : javassist
2016-12-04 02:19:35 INFO  Version:66 - HCANN000001: Hibernate Commons Annotations {5.0.0.Final}
2016-12-04 02:19:36 WARN  DriverManagerConnectionProviderImpl:72 - HHH000402: Using Hibernate built-in connection pool (not for production use!)
2016-12-04 02:19:36 INFO  DriverManagerConnectionProviderImpl:128 - HHH000401: using driver [com.mysql.jdbc.Driver] at URL [jdbc:mysql://localhost:3306/testh]
2016-12-04 02:19:36 INFO  DriverManagerConnectionProviderImpl:137 - HHH000046: Connection properties: {user=root, password=****}
2016-12-04 02:19:36 INFO  DriverManagerConnectionProviderImpl:142 - HHH000006: Autocommit mode: false
2016-12-04 02:19:36 INFO  DriverManagerConnectionProviderImpl:39 - HHH000115: Hibernate connection pool size: 20 (min=1)
2016-12-04 02:19:36 INFO  Dialect:154 - HHH000400: Using dialect: org.hibernate.dialect.MySQL5Dialect
2016-12-04 02:19:36 INFO  LobCreatorBuilderImpl:98 - HHH000423: Disabling contextual LOB creation as JDBC driver reported JDBC version [3] less than 4
2016-12-04 02:19:37 INFO  SchemaUpdate:101 - HHH000228: Running hbm2ddl schema update
2016-12-04 02:20:23 INFO  LogHelper:31 - HHH000204: Processing PersistenceUnitInfo [
	name: hibernate-unit
	...]
2016-12-04 02:20:23 INFO  Version:37 - HHH000412: Hibernate Core {5.0.3.Final}
2016-12-04 02:20:23 INFO  Environment:213 - HHH000206: hibernate.properties not found
2016-12-04 02:20:23 INFO  Environment:317 - HHH000021: Bytecode provider name : javassist
2016-12-04 02:20:23 INFO  Version:66 - HCANN000001: Hibernate Commons Annotations {5.0.0.Final}
2016-12-04 02:20:23 WARN  DriverManagerConnectionProviderImpl:72 - HHH000402: Using Hibernate built-in connection pool (not for production use!)
2016-12-04 02:20:23 INFO  DriverManagerConnectionProviderImpl:128 - HHH000401: using driver [com.mysql.jdbc.Driver] at URL [jdbc:mysql://localhost:3306/testh]
2016-12-04 02:20:23 INFO  DriverManagerConnectionProviderImpl:137 - HHH000046: Connection properties: {user=root, password=****}
2016-12-04 02:20:23 INFO  DriverManagerConnectionProviderImpl:142 - HHH000006: Autocommit mode: false
2016-12-04 02:20:23 INFO  DriverManagerConnectionProviderImpl:39 - HHH000115: Hibernate connection pool size: 20 (min=1)
2016-12-04 02:20:24 INFO  Dialect:154 - HHH000400: Using dialect: org.hibernate.dialect.MySQL5Dialect
2016-12-04 02:20:24 INFO  LobCreatorBuilderImpl:98 - HHH000423: Disabling contextual LOB creation as JDBC driver reported JDBC version [3] less than 4
2016-12-04 02:20:24 INFO  SchemaUpdate:101 - HHH000228: Running hbm2ddl schema update
2016-12-04 02:21:31 INFO  LogHelper:31 - HHH000204: Processing PersistenceUnitInfo [
	name: hibernate-unit
	...]
2016-12-04 02:21:31 INFO  Version:37 - HHH000412: Hibernate Core {5.0.3.Final}
2016-12-04 02:21:31 INFO  Environment:213 - HHH000206: hibernate.properties not found
2016-12-04 02:21:31 INFO  Environment:317 - HHH000021: Bytecode provider name : javassist
2016-12-04 02:21:31 INFO  Version:66 - HCANN000001: Hibernate Commons Annotations {5.0.0.Final}
2016-12-04 02:21:31 WARN  DriverManagerConnectionProviderImpl:72 - HHH000402: Using Hibernate built-in connection pool (not for production use!)
2016-12-04 02:21:31 INFO  DriverManagerConnectionProviderImpl:128 - HHH000401: using driver [com.mysql.jdbc.Driver] at URL [jdbc:mysql://localhost:3306/testh]
2016-12-04 02:21:31 INFO  DriverManagerConnectionProviderImpl:137 - HHH000046: Connection properties: {user=root, password=****}
2016-12-04 02:21:31 INFO  DriverManagerConnectionProviderImpl:142 - HHH000006: Autocommit mode: false
2016-12-04 02:21:31 INFO  DriverManagerConnectionProviderImpl:39 - HHH000115: Hibernate connection pool size: 20 (min=1)
2016-12-04 02:21:32 INFO  Dialect:154 - HHH000400: Using dialect: org.hibernate.dialect.MySQL5Dialect
2016-12-04 02:21:32 INFO  LobCreatorBuilderImpl:98 - HHH000423: Disabling contextual LOB creation as JDBC driver reported JDBC version [3] less than 4
2016-12-04 02:21:33 INFO  SchemaUpdate:101 - HHH000228: Running hbm2ddl schema update
2016-12-04 02:21:51 INFO  LogHelper:31 - HHH000204: Processing PersistenceUnitInfo [
	name: hibernate-unit
	...]
2016-12-04 02:21:51 INFO  Version:37 - HHH000412: Hibernate Core {5.0.3.Final}
2016-12-04 02:21:51 INFO  Environment:213 - HHH000206: hibernate.properties not found
2016-12-04 02:21:51 INFO  Environment:317 - HHH000021: Bytecode provider name : javassist
2016-12-04 02:21:51 INFO  Version:66 - HCANN000001: Hibernate Commons Annotations {5.0.0.Final}
2016-12-04 02:21:51 WARN  DriverManagerConnectionProviderImpl:72 - HHH000402: Using Hibernate built-in connection pool (not for production use!)
2016-12-04 02:21:51 INFO  DriverManagerConnectionProviderImpl:128 - HHH000401: using driver [com.mysql.jdbc.Driver] at URL [jdbc:mysql://localhost:3306/testh]
2016-12-04 02:21:51 INFO  DriverManagerConnectionProviderImpl:137 - HHH000046: Connection properties: {user=root, password=****}
2016-12-04 02:21:51 INFO  DriverManagerConnectionProviderImpl:142 - HHH000006: Autocommit mode: false
2016-12-04 02:21:51 INFO  DriverManagerConnectionProviderImpl:39 - HHH000115: Hibernate connection pool size: 20 (min=1)
2016-12-04 02:21:52 INFO  Dialect:154 - HHH000400: Using dialect: org.hibernate.dialect.MySQL5Dialect
2016-12-04 02:21:52 INFO  LobCreatorBuilderImpl:98 - HHH000423: Disabling contextual LOB creation as JDBC driver reported JDBC version [3] less than 4
2016-12-04 02:21:52 INFO  SchemaUpdate:101 - HHH000228: Running hbm2ddl schema update
2016-12-04 02:23:22 INFO  LogHelper:31 - HHH000204: Processing PersistenceUnitInfo [
	name: hibernate-unit
	...]
2016-12-04 02:23:22 INFO  Version:37 - HHH000412: Hibernate Core {5.0.3.Final}
2016-12-04 02:23:22 INFO  Environment:213 - HHH000206: hibernate.properties not found
2016-12-04 02:23:22 INFO  Environment:317 - HHH000021: Bytecode provider name : javassist
2016-12-04 02:23:22 INFO  Version:66 - HCANN000001: Hibernate Commons Annotations {5.0.0.Final}
2016-12-04 02:23:23 WARN  DriverManagerConnectionProviderImpl:72 - HHH000402: Using Hibernate built-in connection pool (not for production use!)
2016-12-04 02:23:23 INFO  DriverManagerConnectionProviderImpl:128 - HHH000401: using driver [com.mysql.jdbc.Driver] at URL [jdbc:mysql://localhost:3306/testh]
2016-12-04 02:23:23 INFO  DriverManagerConnectionProviderImpl:137 - HHH000046: Connection properties: {user=root, password=****}
2016-12-04 02:23:23 INFO  DriverManagerConnectionProviderImpl:142 - HHH000006: Autocommit mode: false
2016-12-04 02:23:23 INFO  DriverManagerConnectionProviderImpl:39 - HHH000115: Hibernate connection pool size: 20 (min=1)
2016-12-04 02:23:23 INFO  Dialect:154 - HHH000400: Using dialect: org.hibernate.dialect.MySQL5Dialect
2016-12-04 02:23:23 INFO  LobCreatorBuilderImpl:98 - HHH000423: Disabling contextual LOB creation as JDBC driver reported JDBC version [3] less than 4
2016-12-04 02:23:24 INFO  SchemaUpdate:101 - HHH000228: Running hbm2ddl schema update
2016-12-04 02:24:10 INFO  LogHelper:31 - HHH000204: Processing PersistenceUnitInfo [
	name: hibernate-unit
	...]
2016-12-04 02:24:11 INFO  Version:37 - HHH000412: Hibernate Core {5.0.3.Final}
2016-12-04 02:24:11 INFO  Environment:213 - HHH000206: hibernate.properties not found
2016-12-04 02:24:11 INFO  Environment:317 - HHH000021: Bytecode provider name : javassist
2016-12-04 02:24:11 INFO  Version:66 - HCANN000001: Hibernate Commons Annotations {5.0.0.Final}
2016-12-04 02:24:11 WARN  DriverManagerConnectionProviderImpl:72 - HHH000402: Using Hibernate built-in connection pool (not for production use!)
2016-12-04 02:24:11 INFO  DriverManagerConnectionProviderImpl:128 - HHH000401: using driver [com.mysql.jdbc.Driver] at URL [jdbc:mysql://localhost:3306/testh]
2016-12-04 02:24:11 INFO  DriverManagerConnectionProviderImpl:137 - HHH000046: Connection properties: {user=root, password=****}
2016-12-04 02:24:11 INFO  DriverManagerConnectionProviderImpl:142 - HHH000006: Autocommit mode: false
2016-12-04 02:24:11 INFO  DriverManagerConnectionProviderImpl:39 - HHH000115: Hibernate connection pool size: 20 (min=1)
2016-12-04 02:24:11 INFO  Dialect:154 - HHH000400: Using dialect: org.hibernate.dialect.MySQL5Dialect
2016-12-04 02:24:11 INFO  LobCreatorBuilderImpl:98 - HHH000423: Disabling contextual LOB creation as JDBC driver reported JDBC version [3] less than 4
2016-12-04 02:24:12 INFO  SchemaUpdate:101 - HHH000228: Running hbm2ddl schema update
2016-12-04 02:25:01 INFO  LogHelper:31 - HHH000204: Processing PersistenceUnitInfo [
	name: hibernate-unit
	...]
2016-12-04 02:25:01 INFO  Version:37 - HHH000412: Hibernate Core {5.0.3.Final}
2016-12-04 02:25:01 INFO  Environment:213 - HHH000206: hibernate.properties not found
2016-12-04 02:25:01 INFO  Environment:317 - HHH000021: Bytecode provider name : javassist
2016-12-04 02:25:01 INFO  Version:66 - HCANN000001: Hibernate Commons Annotations {5.0.0.Final}
2016-12-04 02:25:02 WARN  DriverManagerConnectionProviderImpl:72 - HHH000402: Using Hibernate built-in connection pool (not for production use!)
2016-12-04 02:25:02 INFO  DriverManagerConnectionProviderImpl:128 - HHH000401: using driver [com.mysql.jdbc.Driver] at URL [jdbc:mysql://localhost:3306/testh]
2016-12-04 02:25:02 INFO  DriverManagerConnectionProviderImpl:137 - HHH000046: Connection properties: {user=root, password=****}
2016-12-04 02:25:02 INFO  DriverManagerConnectionProviderImpl:142 - HHH000006: Autocommit mode: false
2016-12-04 02:25:02 INFO  DriverManagerConnectionProviderImpl:39 - HHH000115: Hibernate connection pool size: 20 (min=1)
2016-12-04 02:25:02 INFO  Dialect:154 - HHH000400: Using dialect: org.hibernate.dialect.MySQL5Dialect
2016-12-04 02:25:02 INFO  LobCreatorBuilderImpl:98 - HHH000423: Disabling contextual LOB creation as JDBC driver reported JDBC version [3] less than 4
2016-12-04 02:25:03 INFO  SchemaUpdate:101 - HHH000228: Running hbm2ddl schema update
2016-12-04 02:27:57 INFO  LogHelper:31 - HHH000204: Processing PersistenceUnitInfo [
	name: hibernate-unit
	...]
2016-12-04 02:27:57 INFO  Version:37 - HHH000412: Hibernate Core {5.0.3.Final}
2016-12-04 02:27:57 INFO  Environment:213 - HHH000206: hibernate.properties not found
2016-12-04 02:27:57 INFO  Environment:317 - HHH000021: Bytecode provider name : javassist
2016-12-04 02:27:57 INFO  Version:66 - HCANN000001: Hibernate Commons Annotations {5.0.0.Final}
2016-12-04 02:27:57 WARN  DriverManagerConnectionProviderImpl:72 - HHH000402: Using Hibernate built-in connection pool (not for production use!)
2016-12-04 02:27:57 INFO  DriverManagerConnectionProviderImpl:128 - HHH000401: using driver [com.mysql.jdbc.Driver] at URL [jdbc:mysql://localhost:3306/testh]
2016-12-04 02:27:57 INFO  DriverManagerConnectionProviderImpl:137 - HHH000046: Connection properties: {user=root, password=****}
2016-12-04 02:27:57 INFO  DriverManagerConnectionProviderImpl:142 - HHH000006: Autocommit mode: false
2016-12-04 02:27:57 INFO  DriverManagerConnectionProviderImpl:39 - HHH000115: Hibernate connection pool size: 20 (min=1)
2016-12-04 02:27:58 INFO  Dialect:154 - HHH000400: Using dialect: org.hibernate.dialect.MySQL5Dialect
2016-12-04 02:27:58 INFO  LobCreatorBuilderImpl:98 - HHH000423: Disabling contextual LOB creation as JDBC driver reported JDBC version [3] less than 4
2016-12-04 02:27:58 INFO  SchemaUpdate:101 - HHH000228: Running hbm2ddl schema update
2016-12-04 02:29:35 INFO  LogHelper:31 - HHH000204: Processing PersistenceUnitInfo [
	name: hibernate-unit
	...]
2016-12-04 02:29:36 INFO  Version:37 - HHH000412: Hibernate Core {5.0.3.Final}
2016-12-04 02:29:36 INFO  Environment:213 - HHH000206: hibernate.properties not found
2016-12-04 02:29:36 INFO  Environment:317 - HHH000021: Bytecode provider name : javassist
2016-12-04 02:29:36 INFO  Version:66 - HCANN000001: Hibernate Commons Annotations {5.0.0.Final}
2016-12-04 02:29:36 WARN  DriverManagerConnectionProviderImpl:72 - HHH000402: Using Hibernate built-in connection pool (not for production use!)
2016-12-04 02:29:36 INFO  DriverManagerConnectionProviderImpl:128 - HHH000401: using driver [com.mysql.jdbc.Driver] at URL [jdbc:mysql://localhost:3306/testh]
2016-12-04 02:29:36 INFO  DriverManagerConnectionProviderImpl:137 - HHH000046: Connection properties: {user=root, password=****}
2016-12-04 02:29:36 INFO  DriverManagerConnectionProviderImpl:142 - HHH000006: Autocommit mode: false
2016-12-04 02:29:36 INFO  DriverManagerConnectionProviderImpl:39 - HHH000115: Hibernate connection pool size: 20 (min=1)
2016-12-04 02:29:36 INFO  Dialect:154 - HHH000400: Using dialect: org.hibernate.dialect.MySQL5Dialect
2016-12-04 02:29:36 INFO  LobCreatorBuilderImpl:98 - HHH000423: Disabling contextual LOB creation as JDBC driver reported JDBC version [3] less than 4
2016-12-04 02:29:37 INFO  SchemaUpdate:101 - HHH000228: Running hbm2ddl schema update
2016-12-04 02:31:23 INFO  LogHelper:31 - HHH000204: Processing PersistenceUnitInfo [
	name: hibernate-unit
	...]
2016-12-04 02:31:23 INFO  Version:37 - HHH000412: Hibernate Core {5.0.3.Final}
2016-12-04 02:31:23 INFO  Environment:213 - HHH000206: hibernate.properties not found
2016-12-04 02:31:23 INFO  Environment:317 - HHH000021: Bytecode provider name : javassist
2016-12-04 02:31:23 INFO  Version:66 - HCANN000001: Hibernate Commons Annotations {5.0.0.Final}
2016-12-04 02:31:24 WARN  DriverManagerConnectionProviderImpl:72 - HHH000402: Using Hibernate built-in connection pool (not for production use!)
2016-12-04 02:31:24 INFO  DriverManagerConnectionProviderImpl:128 - HHH000401: using driver [com.mysql.jdbc.Driver] at URL [jdbc:mysql://localhost:3306/testh]
2016-12-04 02:31:24 INFO  DriverManagerConnectionProviderImpl:137 - HHH000046: Connection properties: {user=root, password=****}
2016-12-04 02:31:24 INFO  DriverManagerConnectionProviderImpl:142 - HHH000006: Autocommit mode: false
2016-12-04 02:31:24 INFO  DriverManagerConnectionProviderImpl:39 - HHH000115: Hibernate connection pool size: 20 (min=1)
2016-12-04 02:31:24 INFO  Dialect:154 - HHH000400: Using dialect: org.hibernate.dialect.MySQL5Dialect
2016-12-04 02:31:24 INFO  LobCreatorBuilderImpl:98 - HHH000423: Disabling contextual LOB creation as JDBC driver reported JDBC version [3] less than 4
2016-12-04 02:31:25 INFO  SchemaUpdate:101 - HHH000228: Running hbm2ddl schema update
2016-12-04 02:33:27 INFO  LogHelper:31 - HHH000204: Processing PersistenceUnitInfo [
	name: hibernate-unit
	...]
2016-12-04 02:33:27 INFO  Version:37 - HHH000412: Hibernate Core {5.0.3.Final}
2016-12-04 02:33:27 INFO  Environment:213 - HHH000206: hibernate.properties not found
2016-12-04 02:33:27 INFO  Environment:317 - HHH000021: Bytecode provider name : javassist
2016-12-04 02:33:27 INFO  Version:66 - HCANN000001: Hibernate Commons Annotations {5.0.0.Final}
2016-12-04 02:33:28 WARN  DriverManagerConnectionProviderImpl:72 - HHH000402: Using Hibernate built-in connection pool (not for production use!)
2016-12-04 02:33:28 INFO  DriverManagerConnectionProviderImpl:128 - HHH000401: using driver [com.mysql.jdbc.Driver] at URL [jdbc:mysql://localhost:3306/testh]
2016-12-04 02:33:28 INFO  DriverManagerConnectionProviderImpl:137 - HHH000046: Connection properties: {user=root, password=****}
2016-12-04 02:33:28 INFO  DriverManagerConnectionProviderImpl:142 - HHH000006: Autocommit mode: false
2016-12-04 02:33:28 INFO  DriverManagerConnectionProviderImpl:39 - HHH000115: Hibernate connection pool size: 20 (min=1)
2016-12-04 02:33:28 INFO  Dialect:154 - HHH000400: Using dialect: org.hibernate.dialect.MySQL5Dialect
2016-12-04 02:33:28 INFO  LobCreatorBuilderImpl:98 - HHH000423: Disabling contextual LOB creation as JDBC driver reported JDBC version [3] less than 4
2016-12-04 02:33:29 INFO  SchemaUpdate:101 - HHH000228: Running hbm2ddl schema update
2016-12-04 02:33:29 INFO  QueryTranslatorFactoryInitiator:47 - HHH000397: Using ASTQueryTranslatorFactory
2016-12-04 02:33:29 INFO  CommonDAO:143 - entity was removed
2016-12-06 15:37:41 INFO  LogHelper:31 - HHH000204: Processing PersistenceUnitInfo [
	name: default
	...]
2016-12-06 15:37:41 INFO  Version:37 - HHH000412: Hibernate Core {5.0.3.Final}
2016-12-06 15:37:41 INFO  Environment:213 - HHH000206: hibernate.properties not found
2016-12-06 15:37:41 INFO  Environment:317 - HHH000021: Bytecode provider name : javassist
2016-12-06 15:37:41 INFO  Version:66 - HCANN000001: Hibernate Commons Annotations {5.0.0.Final}
2016-12-06 15:37:42 INFO  Dialect:154 - HHH000400: Using dialect: org.hibernate.dialect.MySQL5Dialect
2016-12-06 15:37:42 INFO  LobCreatorBuilderImpl:98 - HHH000423: Disabling contextual LOB creation as JDBC driver reported JDBC version [3] less than 4
2016-12-06 15:37:43 INFO  SchemaUpdate:101 - HHH000228: Running hbm2ddl schema update
2016-12-06 15:38:25 INFO  LogHelper:31 - HHH000204: Processing PersistenceUnitInfo [
	name: default
	...]
2016-12-06 15:38:25 INFO  Version:37 - HHH000412: Hibernate Core {5.0.3.Final}
2016-12-06 15:38:25 INFO  Environment:213 - HHH000206: hibernate.properties not found
2016-12-06 15:38:25 INFO  Environment:317 - HHH000021: Bytecode provider name : javassist
2016-12-06 15:38:25 INFO  Version:66 - HCANN000001: Hibernate Commons Annotations {5.0.0.Final}
2016-12-06 15:38:26 INFO  Dialect:154 - HHH000400: Using dialect: org.hibernate.dialect.MySQL5Dialect
2016-12-06 15:38:26 INFO  LobCreatorBuilderImpl:98 - HHH000423: Disabling contextual LOB creation as JDBC driver reported JDBC version [3] less than 4
2016-12-06 15:38:26 INFO  SchemaUpdate:101 - HHH000228: Running hbm2ddl schema update
2016-12-06 15:38:53 INFO  LogHelper:31 - HHH000204: Processing PersistenceUnitInfo [
	name: default
	...]
2016-12-06 15:38:53 INFO  Version:37 - HHH000412: Hibernate Core {5.0.3.Final}
2016-12-06 15:38:53 INFO  Environment:213 - HHH000206: hibernate.properties not found
2016-12-06 15:38:53 INFO  Environment:317 - HHH000021: Bytecode provider name : javassist
2016-12-06 15:38:53 INFO  Version:66 - HCANN000001: Hibernate Commons Annotations {5.0.0.Final}
2016-12-06 15:38:54 INFO  Dialect:154 - HHH000400: Using dialect: org.hibernate.dialect.MySQL5Dialect
2016-12-06 15:38:54 INFO  LobCreatorBuilderImpl:98 - HHH000423: Disabling contextual LOB creation as JDBC driver reported JDBC version [3] less than 4
2016-12-06 15:38:55 INFO  SchemaUpdate:101 - HHH000228: Running hbm2ddl schema update
2016-12-06 15:39:13 INFO  LogHelper:31 - HHH000204: Processing PersistenceUnitInfo [
	name: default
	...]
2016-12-06 15:39:14 INFO  Version:37 - HHH000412: Hibernate Core {5.0.3.Final}
2016-12-06 15:39:14 INFO  Environment:213 - HHH000206: hibernate.properties not found
2016-12-06 15:39:14 INFO  Environment:317 - HHH000021: Bytecode provider name : javassist
2016-12-06 15:39:14 INFO  Version:66 - HCANN000001: Hibernate Commons Annotations {5.0.0.Final}
2016-12-06 15:39:14 INFO  Dialect:154 - HHH000400: Using dialect: org.hibernate.dialect.MySQL5Dialect
2016-12-06 15:39:14 INFO  LobCreatorBuilderImpl:98 - HHH000423: Disabling contextual LOB creation as JDBC driver reported JDBC version [3] less than 4
2016-12-06 15:39:15 INFO  SchemaUpdate:101 - HHH000228: Running hbm2ddl schema update
2016-12-06 15:42:09 INFO  LogHelper:31 - HHH000204: Processing PersistenceUnitInfo [
	name: default
	...]
2016-12-06 15:42:09 INFO  Version:37 - HHH000412: Hibernate Core {5.0.3.Final}
2016-12-06 15:42:09 INFO  Environment:213 - HHH000206: hibernate.properties not found
2016-12-06 15:42:09 INFO  Environment:317 - HHH000021: Bytecode provider name : javassist
2016-12-06 15:42:09 INFO  Version:66 - HCANN000001: Hibernate Commons Annotations {5.0.0.Final}
2016-12-06 15:42:10 INFO  Dialect:154 - HHH000400: Using dialect: org.hibernate.dialect.MySQL5Dialect
2016-12-06 15:42:10 INFO  LobCreatorBuilderImpl:98 - HHH000423: Disabling contextual LOB creation as JDBC driver reported JDBC version [3] less than 4
2016-12-06 15:42:11 INFO  SchemaUpdate:101 - HHH000228: Running hbm2ddl schema update
2016-12-06 15:42:43 INFO  LogHelper:31 - HHH000204: Processing PersistenceUnitInfo [
	name: default
	...]
2016-12-06 15:42:43 INFO  Version:37 - HHH000412: Hibernate Core {5.0.3.Final}
2016-12-06 15:42:43 INFO  Environment:213 - HHH000206: hibernate.properties not found
2016-12-06 15:42:43 INFO  Environment:317 - HHH000021: Bytecode provider name : javassist
2016-12-06 15:42:44 INFO  Version:66 - HCANN000001: Hibernate Commons Annotations {5.0.0.Final}
2016-12-06 15:42:44 INFO  Dialect:154 - HHH000400: Using dialect: org.hibernate.dialect.MySQL5Dialect
2016-12-06 15:42:44 INFO  LobCreatorBuilderImpl:98 - HHH000423: Disabling contextual LOB creation as JDBC driver reported JDBC version [3] less than 4
2016-12-06 15:42:45 INFO  SchemaUpdate:101 - HHH000228: Running hbm2ddl schema update
2016-12-06 15:42:45 INFO  LogHelper:31 - HHH000204: Processing PersistenceUnitInfo [
	name: hibernate-unit
	...]
2016-12-06 15:42:45 WARN  ConnectionProviderInitiator:142 - HHH000181: No appropriate connection provider encountered, assuming application will be supplying connections
2016-12-06 15:42:45 WARN  JdbcEnvironmentInitiator:132 - HHH000342: Could not obtain connection to query metadata : The application must supply JDBC connections
2016-12-06 15:42:45 INFO  Dialect:154 - HHH000400: Using dialect: org.hibernate.dialect.MySQL5Dialect
2016-12-06 15:42:45 INFO  LobCreatorBuilderImpl:63 - HHH000422: Disabling contextual LOB creation as connection was null
2016-12-06 15:42:45 INFO  SchemaUpdate:101 - HHH000228: Running hbm2ddl schema update
2016-12-06 15:45:14 INFO  LogHelper:31 - HHH000204: Processing PersistenceUnitInfo [
	name: default
	...]
2016-12-06 15:45:14 INFO  Version:37 - HHH000412: Hibernate Core {5.0.3.Final}
2016-12-06 15:45:14 INFO  Environment:213 - HHH000206: hibernate.properties not found
2016-12-06 15:45:14 INFO  Environment:317 - HHH000021: Bytecode provider name : javassist
2016-12-06 15:45:14 INFO  Version:66 - HCANN000001: Hibernate Commons Annotations {5.0.0.Final}
2016-12-06 15:45:15 INFO  Dialect:154 - HHH000400: Using dialect: org.hibernate.dialect.MySQL5Dialect
2016-12-06 15:45:15 INFO  LobCreatorBuilderImpl:98 - HHH000423: Disabling contextual LOB creation as JDBC driver reported JDBC version [3] less than 4
2016-12-06 15:45:16 INFO  SchemaUpdate:101 - HHH000228: Running hbm2ddl schema update
2016-12-06 15:45:16 INFO  LogHelper:31 - HHH000204: Processing PersistenceUnitInfo [
	name: hibernate-unit
	...]
2016-12-06 15:45:16 WARN  ConnectionProviderInitiator:142 - HHH000181: No appropriate connection provider encountered, assuming application will be supplying connections
2016-12-06 15:45:16 WARN  JdbcEnvironmentInitiator:132 - HHH000342: Could not obtain connection to query metadata : The application must supply JDBC connections
2016-12-06 15:45:16 INFO  Dialect:154 - HHH000400: Using dialect: org.hibernate.dialect.MySQL5Dialect
2016-12-06 15:45:16 INFO  LobCreatorBuilderImpl:63 - HHH000422: Disabling contextual LOB creation as connection was null
2016-12-06 15:45:16 INFO  SchemaUpdate:101 - HHH000228: Running hbm2ddl schema update
2016-12-06 15:47:50 INFO  LogHelper:31 - HHH000204: Processing PersistenceUnitInfo [
	name: default
	...]
2016-12-06 15:47:50 INFO  Version:37 - HHH000412: Hibernate Core {5.0.3.Final}
2016-12-06 15:47:50 INFO  Environment:213 - HHH000206: hibernate.properties not found
2016-12-06 15:47:50 INFO  Environment:317 - HHH000021: Bytecode provider name : javassist
2016-12-06 15:47:50 INFO  Version:66 - HCANN000001: Hibernate Commons Annotations {5.0.0.Final}
2016-12-06 15:47:51 INFO  Dialect:154 - HHH000400: Using dialect: org.hibernate.dialect.MySQL5Dialect
2016-12-06 15:47:51 INFO  LobCreatorBuilderImpl:98 - HHH000423: Disabling contextual LOB creation as JDBC driver reported JDBC version [3] less than 4
2016-12-06 15:47:51 INFO  SchemaUpdate:101 - HHH000228: Running hbm2ddl schema update
2016-12-06 15:47:51 INFO  LogHelper:31 - HHH000204: Processing PersistenceUnitInfo [
	name: hibernate-unit
	...]
2016-12-06 15:47:51 WARN  ConnectionProviderInitiator:142 - HHH000181: No appropriate connection provider encountered, assuming application will be supplying connections
2016-12-06 15:47:51 WARN  JdbcEnvironmentInitiator:132 - HHH000342: Could not obtain connection to query metadata : The application must supply JDBC connections
2016-12-06 15:47:51 INFO  Dialect:154 - HHH000400: Using dialect: org.hibernate.dialect.MySQL5Dialect
2016-12-06 15:47:51 INFO  LobCreatorBuilderImpl:63 - HHH000422: Disabling contextual LOB creation as connection was null
2016-12-06 15:47:51 INFO  SchemaUpdate:101 - HHH000228: Running hbm2ddl schema update
2016-12-06 15:57:43 INFO  LogHelper:31 - HHH000204: Processing PersistenceUnitInfo [
	name: default
	...]
2016-12-06 15:57:43 INFO  Version:37 - HHH000412: Hibernate Core {5.0.3.Final}
2016-12-06 15:57:43 INFO  Environment:213 - HHH000206: hibernate.properties not found
2016-12-06 15:57:43 INFO  Environment:317 - HHH000021: Bytecode provider name : javassist
2016-12-06 15:57:43 INFO  Version:66 - HCANN000001: Hibernate Commons Annotations {5.0.0.Final}
2016-12-06 15:57:44 INFO  Dialect:154 - HHH000400: Using dialect: org.hibernate.dialect.MySQL5Dialect
2016-12-06 15:57:44 INFO  LobCreatorBuilderImpl:98 - HHH000423: Disabling contextual LOB creation as JDBC driver reported JDBC version [3] less than 4
2016-12-06 15:57:45 INFO  SchemaUpdate:101 - HHH000228: Running hbm2ddl schema update
2016-12-06 15:57:45 INFO  LogHelper:31 - HHH000204: Processing PersistenceUnitInfo [
	name: default
	...]
2016-12-06 15:57:45 INFO  Dialect:154 - HHH000400: Using dialect: org.hibernate.dialect.MySQL5Dialect
2016-12-06 15:57:45 INFO  LobCreatorBuilderImpl:98 - HHH000423: Disabling contextual LOB creation as JDBC driver reported JDBC version [3] less than 4
2016-12-06 15:57:45 INFO  SchemaUpdate:101 - HHH000228: Running hbm2ddl schema update
2016-12-06 15:57:45 WARN  EntityManagerFactoryRegistry:63 - HHH000436: Entity manager factory name (default) is already registered.  If entity manager will be clustered or passivated, specify a unique value for property 'hibernate.ejb.entitymanager_factory_name'
2016-12-06 15:57:45 INFO  PersistenceXmlParser:80 - HHH000318: Could not find any META-INF/persistence.xml file in the classpath
2016-12-06 15:58:41 INFO  LogHelper:31 - HHH000204: Processing PersistenceUnitInfo [
	name: default
	...]
2016-12-06 15:58:41 INFO  Version:37 - HHH000412: Hibernate Core {5.0.3.Final}
2016-12-06 15:58:41 INFO  Environment:213 - HHH000206: hibernate.properties not found
2016-12-06 15:58:41 INFO  Environment:317 - HHH000021: Bytecode provider name : javassist
2016-12-06 15:58:41 INFO  Version:66 - HCANN000001: Hibernate Commons Annotations {5.0.0.Final}
2016-12-06 15:58:41 INFO  Dialect:154 - HHH000400: Using dialect: org.hibernate.dialect.MySQL5Dialect
2016-12-06 15:58:41 INFO  LobCreatorBuilderImpl:98 - HHH000423: Disabling contextual LOB creation as JDBC driver reported JDBC version [3] less than 4
2016-12-06 15:58:42 INFO  SchemaUpdate:101 - HHH000228: Running hbm2ddl schema update
2016-12-06 15:58:42 INFO  LogHelper:31 - HHH000204: Processing PersistenceUnitInfo [
	name: default
	...]
2016-12-06 15:58:42 INFO  Dialect:154 - HHH000400: Using dialect: org.hibernate.dialect.MySQL5Dialect
2016-12-06 15:58:42 INFO  LobCreatorBuilderImpl:98 - HHH000423: Disabling contextual LOB creation as JDBC driver reported JDBC version [3] less than 4
2016-12-06 15:58:42 INFO  SchemaUpdate:101 - HHH000228: Running hbm2ddl schema update
2016-12-06 15:58:42 WARN  EntityManagerFactoryRegistry:63 - HHH000436: Entity manager factory name (default) is already registered.  If entity manager will be clustered or passivated, specify a unique value for property 'hibernate.ejb.entitymanager_factory_name'
2016-12-06 15:59:38 INFO  LogHelper:31 - HHH000204: Processing PersistenceUnitInfo [
	name: default
	...]
2016-12-06 15:59:39 INFO  Version:37 - HHH000412: Hibernate Core {5.0.3.Final}
2016-12-06 15:59:39 INFO  Environment:213 - HHH000206: hibernate.properties not found
2016-12-06 15:59:39 INFO  Environment:317 - HHH000021: Bytecode provider name : javassist
2016-12-06 15:59:39 INFO  Version:66 - HCANN000001: Hibernate Commons Annotations {5.0.0.Final}
2016-12-06 15:59:39 INFO  Dialect:154 - HHH000400: Using dialect: org.hibernate.dialect.MySQL5Dialect
2016-12-06 15:59:39 INFO  LobCreatorBuilderImpl:98 - HHH000423: Disabling contextual LOB creation as JDBC driver reported JDBC version [3] less than 4
2016-12-06 15:59:40 INFO  SchemaUpdate:101 - HHH000228: Running hbm2ddl schema update
2016-12-06 16:00:37 INFO  LogHelper:31 - HHH000204: Processing PersistenceUnitInfo [
	name: default
	...]
2016-12-06 16:00:37 INFO  Version:37 - HHH000412: Hibernate Core {5.0.3.Final}
2016-12-06 16:00:37 INFO  Environment:213 - HHH000206: hibernate.properties not found
2016-12-06 16:00:37 INFO  Environment:317 - HHH000021: Bytecode provider name : javassist
2016-12-06 16:00:38 INFO  Version:66 - HCANN000001: Hibernate Commons Annotations {5.0.0.Final}
2016-12-06 16:00:38 INFO  Dialect:154 - HHH000400: Using dialect: org.hibernate.dialect.MySQL5Dialect
2016-12-06 16:00:38 INFO  LobCreatorBuilderImpl:98 - HHH000423: Disabling contextual LOB creation as JDBC driver reported JDBC version [3] less than 4
2016-12-06 16:00:39 INFO  SchemaUpdate:101 - HHH000228: Running hbm2ddl schema update
2016-12-06 16:03:03 INFO  LogHelper:31 - HHH000204: Processing PersistenceUnitInfo [
	name: default
	...]
2016-12-06 16:03:03 INFO  Version:37 - HHH000412: Hibernate Core {5.0.3.Final}
2016-12-06 16:03:03 INFO  Environment:213 - HHH000206: hibernate.properties not found
2016-12-06 16:03:03 INFO  Environment:317 - HHH000021: Bytecode provider name : javassist
2016-12-06 16:03:03 INFO  Version:66 - HCANN000001: Hibernate Commons Annotations {5.0.0.Final}
2016-12-06 16:03:04 INFO  Dialect:154 - HHH000400: Using dialect: org.hibernate.dialect.MySQL5Dialect
2016-12-06 16:03:04 INFO  LobCreatorBuilderImpl:98 - HHH000423: Disabling contextual LOB creation as JDBC driver reported JDBC version [3] less than 4
2016-12-06 16:03:04 INFO  SchemaUpdate:101 - HHH000228: Running hbm2ddl schema update
2016-12-06 16:05:42 INFO  LogHelper:31 - HHH000204: Processing PersistenceUnitInfo [
	name: default
	...]
2016-12-06 16:05:42 INFO  Version:37 - HHH000412: Hibernate Core {5.0.3.Final}
2016-12-06 16:05:42 INFO  Environment:213 - HHH000206: hibernate.properties not found
2016-12-06 16:05:42 INFO  Environment:317 - HHH000021: Bytecode provider name : javassist
2016-12-06 16:05:42 INFO  Version:66 - HCANN000001: Hibernate Commons Annotations {5.0.0.Final}
2016-12-06 16:05:43 INFO  Dialect:154 - HHH000400: Using dialect: org.hibernate.dialect.MySQL5Dialect
2016-12-06 16:05:43 INFO  LobCreatorBuilderImpl:98 - HHH000423: Disabling contextual LOB creation as JDBC driver reported JDBC version [3] less than 4
2016-12-06 16:05:44 INFO  SchemaUpdate:101 - HHH000228: Running hbm2ddl schema update
2016-12-06 16:06:21 INFO  LogHelper:31 - HHH000204: Processing PersistenceUnitInfo [
	name: default
	...]
2016-12-06 16:06:21 INFO  Version:37 - HHH000412: Hibernate Core {5.0.3.Final}
2016-12-06 16:06:21 INFO  Environment:213 - HHH000206: hibernate.properties not found
2016-12-06 16:06:21 INFO  Environment:317 - HHH000021: Bytecode provider name : javassist
2016-12-06 16:06:21 INFO  Version:66 - HCANN000001: Hibernate Commons Annotations {5.0.0.Final}
2016-12-06 16:06:22 INFO  Dialect:154 - HHH000400: Using dialect: org.hibernate.dialect.MySQL5Dialect
2016-12-06 16:06:22 INFO  LobCreatorBuilderImpl:98 - HHH000423: Disabling contextual LOB creation as JDBC driver reported JDBC version [3] less than 4
2016-12-06 16:06:22 INFO  SchemaUpdate:101 - HHH000228: Running hbm2ddl schema update
2016-12-06 16:07:14 INFO  LogHelper:31 - HHH000204: Processing PersistenceUnitInfo [
	name: default
	...]
2016-12-06 16:07:14 INFO  Version:37 - HHH000412: Hibernate Core {5.0.3.Final}
2016-12-06 16:07:14 INFO  Environment:213 - HHH000206: hibernate.properties not found
2016-12-06 16:07:14 INFO  Environment:317 - HHH000021: Bytecode provider name : javassist
2016-12-06 16:07:14 INFO  Version:66 - HCANN000001: Hibernate Commons Annotations {5.0.0.Final}
2016-12-06 16:07:15 INFO  Dialect:154 - HHH000400: Using dialect: org.hibernate.dialect.MySQL5Dialect
2016-12-06 16:07:15 INFO  LobCreatorBuilderImpl:98 - HHH000423: Disabling contextual LOB creation as JDBC driver reported JDBC version [3] less than 4
2016-12-06 16:07:16 INFO  SchemaUpdate:101 - HHH000228: Running hbm2ddl schema update
